  Game.cpp
C:\Users\facts\source\repos\DirectX\DirectX\Game.h(208,4): warning C4305: 'initializing': truncation from 'double' to '_Ty'
          with
          [
              _Ty=float
          ]
C:\Users\facts\source\repos\DirectX\DirectX\Game.h(334,4): warning C4305: 'initializing': truncation from 'double' to '_Ty'
          with
          [
              _Ty=float
          ]
C:\Users\facts\source\repos\DirectX\DirectX\Game.h(355,4): warning C4305: 'initializing': truncation from 'double' to '_Ty'
          with
          [
              _Ty=float
          ]
C:\Users\facts\source\repos\DirectX\DirectX\Game.h(396,5): warning C4305: 'initializing': truncation from 'double' to '_Ty'
          with
          [
              _Ty=float
          ]
C:\Users\facts\source\repos\DirectX\DirectX\Game.h(478,4): warning C4305: 'initializing': truncation from 'double' to '_Ty'
          with
          [
              _Ty=float
          ]
C:\Users\facts\source\repos\DirectX\DirectX\Game.h(528,4): warning C4305: 'initializing': truncation from 'double' to '_Ty'
          with
          [
              _Ty=float
          ]
C:\Users\facts\source\repos\DirectX\DirectX\Game.h(557,4): warning C4305: 'initializing': truncation from 'double' to '_Ty'
          with
          [
              _Ty=float
          ]
C:\Users\facts\source\repos\DirectX\DirectX\Game.h(641,4): warning C4305: 'initializing': truncation from 'double' to '_Ty'
          with
          [
              _Ty=float
          ]
C:\Users\facts\source\repos\DirectX\DirectX\Game.h(682,4): warning C4305: 'initializing': truncation from 'double' to '_Ty'
          with
          [
              _Ty=float
          ]
C:\Users\facts\source\repos\DirectX\DirectX\Game.h(683,4): warning C4305: 'initializing': truncation from 'double' to '_Ty'
          with
          [
              _Ty=float
          ]
C:\Users\facts\source\repos\DirectX\DirectX\Game.h(724,5): warning C4305: 'initializing': truncation from 'double' to '_Ty'
          with
          [
              _Ty=float
          ]
C:\Users\facts\source\repos\DirectX\DirectX\Game.h(745,5): warning C4305: 'initializing': truncation from 'double' to '_Ty'
          with
          [
              _Ty=float
          ]
C:\Users\facts\source\repos\DirectX\DirectX\Game.h(746,4): warning C4305: 'initializing': truncation from 'double' to '_Ty'
          with
          [
              _Ty=float
          ]
C:\Users\facts\source\repos\DirectX\DirectX\Game.h(799,4): warning C4305: 'initializing': truncation from 'double' to '_Ty'
          with
          [
              _Ty=float
          ]
C:\Users\facts\source\repos\DirectX\DirectX\Game.h(802,4): warning C4305: 'initializing': truncation from 'double' to '_Ty'
          with
          [
              _Ty=float
          ]
C:\Users\facts\source\repos\DirectX\DirectX\Game.h(803,4): warning C4305: 'initializing': truncation from 'double' to '_Ty'
          with
          [
              _Ty=float
          ]
C:\Users\facts\source\repos\DirectX\DirectX\Game.h(805,4): warning C4305: 'initializing': truncation from 'double' to '_Ty'
          with
          [
              _Ty=float
          ]
C:\Users\facts\source\repos\DirectX\DirectX\Game.h(863,4): warning C4305: 'initializing': truncation from 'double' to '_Ty'
          with
          [
              _Ty=float
          ]
C:\Users\facts\source\repos\DirectX\DirectX\Game.h(882,4): warning C4305: 'initializing': truncation from 'double' to '_Ty'
          with
          [
              _Ty=float
          ]
C:\Users\facts\source\repos\DirectX\DirectX\Game.h(905,4): warning C4305: 'initializing': truncation from 'double' to '_Ty'
          with
          [
              _Ty=float
          ]
C:\Users\facts\source\repos\DirectX\DirectX\Game.h(926,4): warning C4305: 'initializing': truncation from 'double' to '_Ty'
          with
          [
              _Ty=float
          ]
C:\Users\facts\source\repos\DirectX\DirectX\Game.h(947,4): warning C4305: 'initializing': truncation from 'double' to '_Ty'
          with
          [
              _Ty=float
          ]
C:\Users\facts\source\repos\DirectX\DirectX\Game.h(1030,4): warning C4305: 'initializing': truncation from 'double' to '_Ty'
          with
          [
              _Ty=float
          ]
C:\Users\facts\source\repos\DirectX\DirectX\Game.h(1051,5): warning C4305: 'initializing': truncation from 'double' to '_Ty'
          with
          [
              _Ty=float
          ]
C:\Users\facts\source\repos\DirectX\DirectX\Game.h(1072,4): warning C4305: 'initializing': truncation from 'double' to '_Ty'
          with
          [
              _Ty=float
          ]
C:\Users\facts\source\repos\DirectX\DirectX\Game.h(1132,4): warning C4305: 'initializing': truncation from 'double' to '_Ty'
          with
          [
              _Ty=float
          ]
C:\Users\facts\source\repos\DirectX\DirectX\Game.h(1184,5): warning C4305: 'initializing': truncation from 'double' to '_Ty'
          with
          [
              _Ty=float
          ]
C:\Users\facts\source\repos\DirectX\DirectX\Game.h(1211,4): warning C4305: 'initializing': truncation from 'double' to '_Ty'
          with
          [
              _Ty=float
          ]
C:\Users\facts\source\repos\DirectX\DirectX\Game.h(1231,4): warning C4305: 'initializing': truncation from 'double' to '_Ty'
          with
          [
              _Ty=float
          ]
C:\Users\facts\source\repos\DirectX\DirectX\Game.h(1232,4): warning C4305: 'initializing': truncation from 'double' to '_Ty'
          with
          [
              _Ty=float
          ]
C:\Users\facts\source\repos\DirectX\DirectX\Game.h(1251,5): warning C4305: 'initializing': truncation from 'double' to '_Ty'
          with
          [
              _Ty=float
          ]
C:\Users\facts\source\repos\DirectX\DirectX\Game.h(1274,4): warning C4305: 'initializing': truncation from 'double' to '_Ty'
          with
          [
              _Ty=float
          ]
C:\Users\facts\source\repos\DirectX\DirectX\Game.h(1295,4): warning C4305: 'initializing': truncation from 'double' to '_Ty'
          with
          [
              _Ty=float
          ]
C:\Users\facts\source\repos\DirectX\DirectX\Game.h(1316,4): warning C4305: 'initializing': truncation from 'double' to '_Ty'
          with
          [
              _Ty=float
          ]
C:\Users\facts\source\repos\DirectX\DirectX\Game.h(1337,4): warning C4305: 'initializing': truncation from 'double' to '_Ty'
          with
          [
              _Ty=float
          ]
C:\Users\facts\source\repos\DirectX\DirectX\Game.h(1454,4): warning C4305: 'initializing': truncation from 'double' to '_Ty'
          with
          [
              _Ty=float
          ]
C:\Users\facts\source\repos\DirectX\DirectX\Game.h(1457,4): warning C4305: 'initializing': truncation from 'double' to '_Ty'
          with
          [
              _Ty=float
          ]
C:\Users\facts\source\repos\DirectX\DirectX\Game.h(1459,4): warning C4305: 'initializing': truncation from 'double' to '_Ty'
          with
          [
              _Ty=float
          ]
C:\Users\facts\source\repos\DirectX\DirectX\Game.h(1469,4): warning C4305: 'initializing': truncation from 'double' to '_Ty'
          with
          [
              _Ty=float
          ]
C:\Users\facts\source\repos\DirectX\DirectX\Game.h(1474,4): warning C4305: 'initializing': truncation from 'double' to '_Ty'
          with
          [
              _Ty=float
          ]
C:\Users\facts\source\repos\DirectX\DirectX\Game.h(1475,4): warning C4305: 'initializing': truncation from 'double' to '_Ty'
          with
          [
              _Ty=float
          ]
C:\Users\facts\source\repos\DirectX\DirectX\Game.h(1495,4): warning C4305: 'initializing': truncation from 'double' to '_Ty'
          with
          [
              _Ty=float
          ]
C:\Users\facts\source\repos\DirectX\DirectX\Game.h(1520,4): warning C4305: 'initializing': truncation from 'double' to '_Ty'
          with
          [
              _Ty=float
          ]
C:\Users\facts\source\repos\DirectX\DirectX\Game.h(1579,5): warning C4305: 'initializing': truncation from 'double' to '_Ty'
          with
          [
              _Ty=float
          ]
C:\Users\facts\source\repos\DirectX\DirectX\Game.h(1600,4): warning C4305: 'initializing': truncation from 'double' to '_Ty'
          with
          [
              _Ty=float
          ]
C:\Users\facts\source\repos\DirectX\DirectX\Game.h(1621,4): warning C4305: 'initializing': truncation from 'double' to '_Ty'
          with
          [
              _Ty=float
          ]
C:\Users\facts\source\repos\DirectX\DirectX\Game.h(1641,5): warning C4305: 'initializing': truncation from 'double' to '_Ty'
          with
          [
              _Ty=float
          ]
C:\Users\facts\source\repos\DirectX\DirectX\Game.h(1642,5): warning C4305: 'initializing': truncation from 'double' to '_Ty'
          with
          [
              _Ty=float
          ]
C:\Users\facts\source\repos\DirectX\DirectX\Game.h(1704,5): warning C4305: 'initializing': truncation from 'double' to '_Ty'
          with
          [
              _Ty=float
          ]
C:\Users\facts\source\repos\DirectX\DirectX\Game.h(1705,5): warning C4305: 'initializing': truncation from 'double' to '_Ty'
          with
          [
              _Ty=float
          ]
C:\Users\facts\source\repos\DirectX\DirectX\Game.h(1800,5): warning C4305: 'initializing': truncation from 'double' to '_Ty'
          with
          [
              _Ty=float
          ]
C:\Users\facts\source\repos\DirectX\DirectX\Game.h(1802,4): warning C4305: 'initializing': truncation from 'double' to '_Ty'
          with
          [
              _Ty=float
          ]
C:\Users\facts\source\repos\DirectX\DirectX\Game.h(1823,4): warning C4305: 'initializing': truncation from 'double' to '_Ty'
          with
          [
              _Ty=float
          ]
C:\Users\facts\source\repos\DirectX\DirectX\Game.h(1863,5): warning C4305: 'initializing': truncation from 'double' to '_Ty'
          with
          [
              _Ty=float
          ]
C:\Users\facts\source\repos\DirectX\DirectX\Game.h(1970,4): warning C4305: 'initializing': truncation from 'double' to '_Ty'
          with
          [
              _Ty=float
          ]
C:\Users\facts\source\repos\DirectX\DirectX\Game.h(1988,5): warning C4305: 'initializing': truncation from 'double' to '_Ty'
          with
          [
              _Ty=float
          ]
C:\Users\facts\source\repos\DirectX\DirectX\Game.h(2011,4): warning C4305: 'initializing': truncation from 'double' to '_Ty'
          with
          [
              _Ty=float
          ]
C:\Users\facts\source\repos\DirectX\DirectX\Game.h(2031,4): warning C4305: 'initializing': truncation from 'double' to '_Ty'
          with
          [
              _Ty=float
          ]
C:\Users\facts\source\repos\DirectX\DirectX\Game.h(2054,4): warning C4305: 'initializing': truncation from 'double' to '_Ty'
          with
          [
              _Ty=float
          ]
C:\Users\facts\source\repos\DirectX\DirectX\Game.h(2113,4): warning C4305: 'initializing': truncation from 'double' to '_Ty'
          with
          [
              _Ty=float
          ]
C:\Users\facts\source\repos\DirectX\DirectX\Game.h(2129,4): warning C4305: 'initializing': truncation from 'double' to '_Ty'
          with
          [
              _Ty=float
          ]
C:\Users\facts\source\repos\DirectX\DirectX\Game.h(2171,4): warning C4305: 'initializing': truncation from 'double' to '_Ty'
          with
          [
              _Ty=float
          ]
C:\Users\facts\source\repos\DirectX\DirectX\Game.h(2213,4): warning C4305: 'initializing': truncation from 'double' to '_Ty'
          with
          [
              _Ty=float
          ]
C:\Users\facts\source\repos\DirectX\DirectX\Game.h(2234,4): warning C4305: 'initializing': truncation from 'double' to '_Ty'
          with
          [
              _Ty=float
          ]
C:\Users\facts\source\repos\DirectX\DirectX\Game.h(2255,4): warning C4305: 'initializing': truncation from 'double' to '_Ty'
          with
          [
              _Ty=float
          ]
C:\Users\facts\source\repos\DirectX\DirectX\Game.h(2276,4): warning C4305: 'initializing': truncation from 'double' to '_Ty'
          with
          [
              _Ty=float
          ]
C:\Users\facts\source\repos\DirectX\DirectX\Game.h(2297,4): warning C4305: 'initializing': truncation from 'double' to '_Ty'
          with
          [
              _Ty=float
          ]
C:\Users\facts\source\repos\DirectX\DirectX\Game.h(2318,4): warning C4305: 'initializing': truncation from 'double' to '_Ty'
          with
          [
              _Ty=float
          ]
C:\Users\facts\source\repos\DirectX\DirectX\Game.h(2359,5): warning C4305: 'initializing': truncation from 'double' to '_Ty'
          with
          [
              _Ty=float
          ]
C:\Users\facts\source\repos\DirectX\DirectX\Game.h(2440,4): warning C4305: 'initializing': truncation from 'double' to '_Ty'
          with
          [
              _Ty=float
          ]
C:\Users\facts\source\repos\DirectX\DirectX\Game.h(2456,4): warning C4305: 'initializing': truncation from 'double' to '_Ty'
          with
          [
              _Ty=float
          ]
C:\Users\facts\source\repos\DirectX\DirectX\Game.h(2519,4): warning C4305: 'initializing': truncation from 'double' to '_Ty'
          with
          [
              _Ty=float
          ]
C:\Users\facts\source\repos\DirectX\DirectX\Game.h(2582,4): warning C4305: 'initializing': truncation from 'double' to '_Ty'
          with
          [
              _Ty=float
          ]
C:\Users\facts\source\repos\DirectX\DirectX\Game.h(2603,4): warning C4305: 'initializing': truncation from 'double' to '_Ty'
          with
          [
              _Ty=float
          ]
C:\Users\facts\source\repos\DirectX\DirectX\Game.h(2644,4): warning C4305: 'initializing': truncation from 'double' to '_Ty'
          with
          [
              _Ty=float
          ]
C:\Users\facts\source\repos\DirectX\DirectX\Game.h(2645,4): warning C4305: 'initializing': truncation from 'double' to '_Ty'
          with
          [
              _Ty=float
          ]
C:\Users\facts\source\repos\DirectX\DirectX\Game.h(2664,4): warning C4305: 'initializing': truncation from 'double' to '_Ty'
          with
          [
              _Ty=float
          ]
C:\Users\facts\source\repos\DirectX\DirectX\Game.h(2666,4): warning C4305: 'initializing': truncation from 'double' to '_Ty'
          with
          [
              _Ty=float
          ]
C:\Users\facts\source\repos\DirectX\DirectX\Game.cpp(185,18): warning C4244: 'initializing': conversion from 'float' to 'int', possible loss of data
C:\Users\facts\source\repos\DirectX\DirectX\Game.cpp(244,176): warning C4244: 'argument': conversion from 'float' to 'int', possible loss of data
C:\Users\facts\source\repos\DirectX\DirectX\Game.cpp(244,98): warning C4244: 'argument': conversion from 'float' to 'int', possible loss of data
C:\Users\facts\source\repos\DirectX\DirectX\Game.cpp(244,87): warning C4244: 'argument': conversion from 'float' to 'int', possible loss of data
C:\Users\facts\source\repos\DirectX\DirectX\Game.cpp(244,45): warning C4244: 'argument': conversion from 'float' to 'int', possible loss of data
C:\Users\facts\source\repos\DirectX\DirectX\Game.cpp(244,34): warning C4244: 'argument': conversion from 'float' to 'int', possible loss of data
C:\Users\facts\source\repos\DirectX\DirectX\Game.cpp(259,42): warning C4244: '=': conversion from 'float' to 'int', possible loss of data
C:\Users\facts\source\repos\DirectX\DirectX\Game.cpp(260,188): warning C4244: 'argument': conversion from 'float' to 'int', possible loss of data
C:\Users\facts\source\repos\DirectX\DirectX\Game.cpp(260,158): warning C4244: 'argument': conversion from 'float' to 'int', possible loss of data
C:\Users\facts\source\repos\DirectX\DirectX\Game.cpp(260,128): warning C4244: 'argument': conversion from 'float' to 'int', possible loss of data
C:\Users\facts\source\repos\DirectX\DirectX\Game.cpp(260,99): warning C4244: 'argument': conversion from 'float' to 'int', possible loss of data
C:\Users\facts\source\repos\DirectX\DirectX\Game.cpp(265,42): warning C4244: '=': conversion from 'float' to 'int', possible loss of data
C:\Users\facts\source\repos\DirectX\DirectX\Game.cpp(266,188): warning C4244: 'argument': conversion from 'float' to 'int', possible loss of data
C:\Users\facts\source\repos\DirectX\DirectX\Game.cpp(266,158): warning C4244: 'argument': conversion from 'float' to 'int', possible loss of data
C:\Users\facts\source\repos\DirectX\DirectX\Game.cpp(266,128): warning C4244: 'argument': conversion from 'float' to 'int', possible loss of data
C:\Users\facts\source\repos\DirectX\DirectX\Game.cpp(266,99): warning C4244: 'argument': conversion from 'float' to 'int', possible loss of data
C:\Users\facts\source\repos\DirectX\DirectX\Game.cpp(281,43): warning C4244: '=': conversion from 'int' to 'float', possible loss of data
C:\Users\facts\source\repos\DirectX\DirectX\Game.cpp(365,88): warning C4244: 'argument': conversion from 'int' to 'float', possible loss of data
C:\Users\facts\source\repos\DirectX\DirectX\Game.cpp(365,44): warning C4244: 'argument': conversion from 'int' to 'float', possible loss of data
C:\Users\facts\source\repos\DirectX\DirectX\Game.cpp(367,84): warning C4244: 'argument': conversion from 'int' to 'float', possible loss of data
C:\Users\facts\source\repos\DirectX\DirectX\Game.cpp(367,58): warning C4244: 'argument': conversion from 'int' to 'float', possible loss of data
C:\Users\facts\source\repos\DirectX\DirectX\Game.cpp(371,72): warning C4244: 'argument': conversion from 'int' to 'float', possible loss of data
C:\Users\facts\source\repos\DirectX\DirectX\Game.cpp(371,63): warning C4244: 'argument': conversion from 'int' to 'float', possible loss of data
C:\Users\facts\source\repos\DirectX\DirectX\Game.cpp(373,80): warning C4244: 'argument': conversion from 'int' to 'float', possible loss of data
C:\Users\facts\source\repos\DirectX\DirectX\Game.cpp(373,71): warning C4244: 'argument': conversion from 'int' to 'float', possible loss of data
C:\Users\facts\source\repos\DirectX\DirectX\Game.cpp(377,72): warning C4244: 'argument': conversion from 'int' to 'float', possible loss of data
C:\Users\facts\source\repos\DirectX\DirectX\Game.cpp(377,63): warning C4244: 'argument': conversion from 'int' to 'float', possible loss of data
C:\Users\facts\source\repos\DirectX\DirectX\Game.cpp(379,80): warning C4244: 'argument': conversion from 'int' to 'float', possible loss of data
C:\Users\facts\source\repos\DirectX\DirectX\Game.cpp(379,71): warning C4244: 'argument': conversion from 'int' to 'float', possible loss of data
C:\Users\facts\source\repos\DirectX\DirectX\Game.cpp(397,44): warning C4244: 'argument': conversion from 'int' to 'float', possible loss of data
C:\Users\facts\source\repos\DirectX\DirectX\Game.cpp(397,35): warning C4244: 'argument': conversion from 'int' to 'float', possible loss of data
C:\Users\facts\source\repos\DirectX\DirectX\Game.cpp(397,26): warning C4244: 'argument': conversion from 'int' to 'float', possible loss of data
C:\Users\facts\source\repos\DirectX\DirectX\Game.cpp(397,17): warning C4244: 'argument': conversion from 'int' to 'float', possible loss of data
C:\Users\facts\source\repos\DirectX\DirectX\Game.cpp(430,40): warning C4244: 'argument': conversion from 'float' to 'int', possible loss of data
C:\Users\facts\source\repos\DirectX\DirectX\Game.cpp(430,29): warning C4244: 'argument': conversion from 'float' to 'int', possible loss of data
C:\Users\facts\source\repos\DirectX\DirectX\Game.cpp(433,39): warning C4244: 'argument': conversion from 'float' to 'int', possible loss of data
C:\Users\facts\source\repos\DirectX\DirectX\Game.cpp(433,28): warning C4244: 'argument': conversion from 'float' to 'int', possible loss of data
C:\Users\facts\source\repos\DirectX\DirectX\Game.cpp(436,40): warning C4244: 'argument': conversion from 'float' to 'int', possible loss of data
C:\Users\facts\source\repos\DirectX\DirectX\Game.cpp(436,29): warning C4244: 'argument': conversion from 'float' to 'int', possible loss of data
C:\Users\facts\source\repos\DirectX\DirectX\Game.cpp(440,40): warning C4244: 'argument': conversion from 'float' to 'int', possible loss of data
C:\Users\facts\source\repos\DirectX\DirectX\Game.cpp(440,29): warning C4244: 'argument': conversion from 'float' to 'int', possible loss of data
C:\Users\facts\source\repos\DirectX\DirectX\Game.cpp(443,39): warning C4244: 'argument': conversion from 'float' to 'int', possible loss of data
C:\Users\facts\source\repos\DirectX\DirectX\Game.cpp(443,28): warning C4244: 'argument': conversion from 'float' to 'int', possible loss of data
C:\Users\facts\source\repos\DirectX\DirectX\Game.cpp(446,40): warning C4244: 'argument': conversion from 'float' to 'int', possible loss of data
C:\Users\facts\source\repos\DirectX\DirectX\Game.cpp(446,29): warning C4244: 'argument': conversion from 'float' to 'int', possible loss of data
C:\Users\facts\source\repos\DirectX\DirectX\Game.cpp(452,144): warning C4244: 'argument': conversion from 'int' to 'float', possible loss of data
C:\Users\facts\source\repos\DirectX\DirectX\Game.cpp(452,126): warning C4244: 'argument': conversion from 'int' to 'float', possible loss of data
C:\Users\facts\source\repos\DirectX\DirectX\Game.cpp(452,108): warning C4244: 'argument': conversion from 'int' to 'float', possible loss of data
C:\Users\facts\source\repos\DirectX\DirectX\Game.cpp(452,90): warning C4244: 'argument': conversion from 'int' to 'float', possible loss of data
C:\Users\facts\source\repos\DirectX\DirectX\Game.cpp(452,71): warning C4244: 'argument': conversion from 'int' to 'float', possible loss of data
C:\Users\facts\source\repos\DirectX\DirectX\Game.cpp(452,52): warning C4244: 'argument': conversion from 'int' to 'float', possible loss of data
C:\Users\facts\source\repos\DirectX\DirectX\Game.cpp(452,33): warning C4244: 'argument': conversion from 'int' to 'float', possible loss of data
C:\Users\facts\source\repos\DirectX\DirectX\Game.cpp(455,144): warning C4244: 'argument': conversion from 'int' to 'float', possible loss of data
C:\Users\facts\source\repos\DirectX\DirectX\Game.cpp(455,126): warning C4244: 'argument': conversion from 'int' to 'float', possible loss of data
C:\Users\facts\source\repos\DirectX\DirectX\Game.cpp(455,108): warning C4244: 'argument': conversion from 'int' to 'float', possible loss of data
C:\Users\facts\source\repos\DirectX\DirectX\Game.cpp(455,90): warning C4244: 'argument': conversion from 'int' to 'float', possible loss of data
C:\Users\facts\source\repos\DirectX\DirectX\Game.cpp(455,71): warning C4244: 'argument': conversion from 'int' to 'float', possible loss of data
C:\Users\facts\source\repos\DirectX\DirectX\Game.cpp(455,52): warning C4244: 'argument': conversion from 'int' to 'float', possible loss of data
C:\Users\facts\source\repos\DirectX\DirectX\Game.cpp(455,33): warning C4244: 'argument': conversion from 'int' to 'float', possible loss of data
  Generating code
  4 of 284 functions ( 1.4%) were compiled, the rest were copied from previous compilation.
    0 functions were new in current compilation
    5 functions had inline decision re-evaluated but remain unchanged
  Finished generating code
  DirectX.vcxproj -> C:\Users\facts\source\repos\DirectX\x64\Release\DirectX.exe
